Using pre-set license
Built from '2021.3/staging' branch; Version is '2021.3.3f1 (af2e63e8f9bd) revision 11480675'; Using compiler version '192829333'; Build Type 'Release'
OS: 'Windows 7  (6.1.0) 64bit Professional' Language: 'ru' Physical Memory: 8156 MB
BatchMode: 1, IsHumanControllingUs: 0, StartBugReporterOnCrash: 0, Is64bit: 1, IsPro: 1

COMMAND LINE ARGUMENTS:
D:\_ProgramFiles\Unity\2021.3.3f1\Editor\Unity.exe
-adb2
-batchMode
-noUpm
-name
AssetImportWorker0
-projectPath
D:/_Projects/_Repositories/JetOctopuses
-logFile
Logs/AssetImportWorker0.log
-srvPort
61829
Successfully changed project path to: D:/_Projects/_Repositories/JetOctopuses
D:/_Projects/_Repositories/JetOctopuses
[UnityMemory] Configuration Parameters - Can be set up in boot.config
    "memorysetup-bucket-allocator-granularity=16"
    "memorysetup-bucket-allocator-bucket-count=8"
    "memorysetup-bucket-allocator-block-size=33554432"
    "memorysetup-bucket-allocator-block-count=8"
    "memorysetup-main-allocator-block-size=16777216"
    "memorysetup-thread-allocator-block-size=16777216"
    "memorysetup-gfx-main-allocator-block-size=16777216"
    "memorysetup-gfx-thread-allocator-block-size=16777216"
    "memorysetup-cache-allocator-block-size=4194304"
    "memorysetup-typetree-allocator-block-size=2097152"
    "memorysetup-profiler-bucket-allocator-granularity=16"
    "memorysetup-profiler-bucket-allocator-bucket-count=8"
    "memorysetup-profiler-bucket-allocator-block-size=33554432"
    "memorysetup-profiler-bucket-allocator-block-count=8"
    "memorysetup-profiler-allocator-block-size=16777216"
    "memorysetup-profiler-editor-allocator-block-size=1048576"
    "memorysetup-temp-allocator-size-main=16777216"
    "memorysetup-job-temp-allocator-block-size=2097152"
    "memorysetup-job-temp-allocator-block-size-background=1048576"
    "memorysetup-job-temp-allocator-reduction-small-platforms=262144"
    "memorysetup-temp-allocator-size-background-worker=32768"
    "memorysetup-temp-allocator-size-job-worker=262144"
    "memorysetup-temp-allocator-size-preload-manager=33554432"
    "memorysetup-temp-allocator-size-nav-mesh-worker=65536"
    "memorysetup-temp-allocator-size-audio-worker=65536"
    "memorysetup-temp-allocator-size-cloud-worker=32768"
    "memorysetup-temp-allocator-size-gi-baking-worker=262144"
    "memorysetup-temp-allocator-size-gfx=262144"
Refreshing native plugins compatible for Editor in 91.17 ms, found 2 plugins.
Preloading 0 native plugins for Editor in 0.00 ms.
Initialize engine version: 2021.3.3f1 (af2e63e8f9bd)
[Subsystems] Discovering subsystems at path D:/_ProgramFiles/Unity/2021.3.3f1/Editor/Data/Resources/UnitySubsystems
[Subsystems] Discovering subsystems at path D:/_Projects/_Repositories/JetOctopuses/Assets
GfxDevice: creating device client; threaded=0; jobified=0
d3d11: CreateDXGIFactory2(...) not found, fallbacking to CreateDXGIFactory1(...).
d3d11: QueryInterface(IDXGIFactory5) failed (80004002).
Direct3D:
    Version:  Direct3D 11.0 [level 11.0]
    Renderer: NVIDIA GeForce GT 640 (ID=0xfc1)
    Vendor:   NVIDIA
    VRAM:     1979 MB
    Driver:   23.21.13.9135
Initialize mono
Mono path[0] = 'D:/_ProgramFiles/Unity/2021.3.3f1/Editor/Data/Managed'
Mono path[1] = 'D:/_ProgramFiles/Unity/2021.3.3f1/Editor/Data/MonoBleedingEdge/lib/mono/unityjit-win32'
Mono config path = 'D:/_ProgramFiles/Unity/2021.3.3f1/Editor/Data/MonoBleedingEdge/etc'
Using monoOptions --debugger-agent=transport=dt_socket,embedding=1,server=y,suspend=n,address=127.0.0.1:56952
Begin MonoManager ReloadAssembly
Registering precompiled unity dll's ...
Register platform support module: D:/_ProgramFiles/Unity/2021.3.3f1/Editor/Data/PlaybackEngines/WindowsStandaloneSupport/UnityEditor.WindowsStandalone.Extensions.dll
Registered in 0.002327 seconds.
Native extension for WindowsStandalone target not found
Refreshing native plugins compatible for Editor in 84.77 ms, found 2 plugins.
Preloading 0 native plugins for Editor in 0.00 ms.
Mono: successfully reloaded assembly
- Completed reload, in  0.754 seconds
Domain Reload Profiling:
	ReloadAssembly (755ms)
		BeginReloadAssembly (80ms)
			ExecutionOrderSort (0ms)
			DisableScriptedObjects (0ms)
			BackupInstance (0ms)
			ReleaseScriptingObjects (0ms)
			CreateAndSetChildDomain (1ms)
		EndReloadAssembly (551ms)
			LoadAssemblies (79ms)
			RebuildTransferFunctionScriptingTraits (0ms)
			SetupTypeCache (127ms)
			ReleaseScriptCaches (0ms)
			RebuildScriptCaches (42ms)
			SetupLoadedEditorAssemblies (320ms)
				LogAssemblyErrors (0ms)
				InitializePlatformSupportModulesInManaged (9ms)
				SetLoadedEditorAssemblies (0ms)
				RefreshPlugins (85ms)
				BeforeProcessingInitializeOnLoad (2ms)
				ProcessInitializeOnLoadAttributes (165ms)
				ProcessInitializeOnLoadMethodAttributes (59ms)
				AfterProcessingInitializeOnLoad (0ms)
				EditorAssembliesLoaded (0ms)
			ExecutionOrderSort2 (0ms)
			AwakeInstancesAfterBackupRestoration (0ms)
Platform modules already initialized, skipping
Registering precompiled user dll's ...
Registered in 0.002802 seconds.
Begin MonoManager ReloadAssembly
Native extension for WindowsStandalone target not found
Refreshing native plugins compatible for Editor in 0.45 ms, found 2 plugins.
Preloading 0 native plugins for Editor in 0.00 ms.
Mono: successfully reloaded assembly
- Completed reload, in  1.200 seconds
Domain Reload Profiling:
	ReloadAssembly (1201ms)
		BeginReloadAssembly (124ms)
			ExecutionOrderSort (0ms)
			DisableScriptedObjects (8ms)
			BackupInstance (0ms)
			ReleaseScriptingObjects (0ms)
			CreateAndSetChildDomain (18ms)
		EndReloadAssembly (945ms)
			LoadAssemblies (82ms)
			RebuildTransferFunctionScriptingTraits (0ms)
			SetupTypeCache (265ms)
			ReleaseScriptCaches (0ms)
			RebuildScriptCaches (66ms)
			SetupLoadedEditorAssemblies (483ms)
				LogAssemblyErrors (0ms)
				InitializePlatformSupportModulesInManaged (6ms)
				SetLoadedEditorAssemblies (1ms)
				RefreshPlugins (1ms)
				BeforeProcessingInitializeOnLoad (150ms)
				ProcessInitializeOnLoadAttributes (283ms)
				ProcessInitializeOnLoadMethodAttributes (40ms)
				AfterProcessingInitializeOnLoad (3ms)
				EditorAssembliesLoaded (0ms)
			ExecutionOrderSort2 (0ms)
			AwakeInstancesAfterBackupRestoration (6ms)
Platform modules already initialized, skipping
========================================================================
Worker process is ready to serve import requests
Launched and connected shader compiler UnityShaderCompiler.exe after 0.14 seconds
Refreshing native plugins compatible for Editor in 0.52 ms, found 2 plugins.
Preloading 0 native plugins for Editor in 0.00 ms.
Unloading 1850 Unused Serialized files (Serialized files now loaded: 0)
Unloading 22 unused Assets / (112.1 KB). Loaded Objects now: 2311.
Memory consumption went from 77.2 MB to 77.1 MB.
Total: 4.250899 ms (FindLiveObjects: 0.173513 ms CreateObjectMapping: 0.076974 ms MarkObjects: 3.893610 ms  DeleteObjects: 0.104877 ms)

AssetImportParameters requested are different than current active one (requested -> active):
  custom:video-decoder-ogg-theora: a1e56fd34408186e4bbccfd4996cb3dc -> 
  custom:container-muxer-webm: aa71ff27fc2769a1b78a27578f13a17b -> 
  custom:container-demuxer-webm: 4f35f7cbe854078d1ac9338744f61a02 -> 
  custom:video-encoder-webm-vp8: eb34c28f22e8b96e1ab97ce403110664 -> 
  custom:audio-encoder-webm-vorbis: bf7c407c2cedff20999df2af8eb42d56 -> 
  custom:framework-win-MediaFoundation: 216162199b28c13a410421893ffa2e32 -> 
  custom:container-demuxer-ogg: 62fdf1f143b41e24485cea50d1cbac27 -> 
  custom:video-decoder-webm-vp8: 9c59270c3fd7afecdb556c50c9e8de78 -> 
  custom:audio-decoder-ogg-vorbis: bf7c407c2cedff20999df2af8eb42d56 -> 
========================================================================
Received Import Request.
  Time since last request: 352665.837635 seconds.
  path: Assets/Scripts/Core/UI/Button/ButtonModel.cs
  artifactKey: Guid(76d5b8a32f9e916409a41d13f2e37e33) Importer(815301076,1909f56bfc062723c751e8b465ee728b)
Start importing Assets/Scripts/Core/UI/Button/ButtonModel.cs using Guid(76d5b8a32f9e916409a41d13f2e37e33) Importer(815301076,1909f56bfc062723c751e8b465ee728b)  -> (artifact id: 'd72d5d23eea01ac13eb17f598fb26a36') in 0.036296 seconds 
========================================================================
Received Import Request.
  Time since last request: 11.443676 seconds.
  path: Assets/Scripts/App/UI/Button/ButtonLevelResume.cs
  artifactKey: Guid(125049413c639b64ba751dbaf3e7925f) Importer(815301076,1909f56bfc062723c751e8b465ee728b)
Start importing Assets/Scripts/App/UI/Button/ButtonLevelResume.cs using Guid(125049413c639b64ba751dbaf3e7925f) Importer(815301076,1909f56bfc062723c751e8b465ee728b)  -> (artifact id: '26004ee737362a6f8856bb91b2acaeb7') in 0.001321 seconds 
========================================================================
Received Import Request.
  Time since last request: 4.681804 seconds.
  path: Assets/Scripts/App/Audio/Audio.cs
  artifactKey: Guid(bbbcd674b9b2ba949bcc12414039b427) Importer(815301076,1909f56bfc062723c751e8b465ee728b)
Start importing Assets/Scripts/App/Audio/Audio.cs using Guid(bbbcd674b9b2ba949bcc12414039b427) Importer(815301076,1909f56bfc062723c751e8b465ee728b)  -> (artifact id: 'bcdc4cba313f3bf850c403db4216bba7') in 0.001029 seconds 
========================================================================
Received Import Request.
  Time since last request: 372.731962 seconds.
  path: Assets/Scripts/Core/Core
  artifactKey: Guid(4a0a57b83ae24064c804d00f5e7e4d29) Importer(815301076,1909f56bfc062723c751e8b465ee728b)
Start importing Assets/Scripts/Core/Core using Guid(4a0a57b83ae24064c804d00f5e7e4d29) Importer(815301076,1909f56bfc062723c751e8b465ee728b)  -> (artifact id: '321704ec0e8d6c265600926eaec9f547') in 0.002725 seconds 
========================================================================
Received Import Request.
  Time since last request: 0.027617 seconds.
  path: Assets/Scripts/Core/Signal/ISignal.cs
  artifactKey: Guid(9c244d4f7197bad43a12a7f49b452b6b) Importer(815301076,1909f56bfc062723c751e8b465ee728b)
Start importing Assets/Scripts/Core/Signal/ISignal.cs using Guid(9c244d4f7197bad43a12a7f49b452b6b) Importer(815301076,1909f56bfc062723c751e8b465ee728b)  -> (artifact id: '39303c2ef8492c74551f1bad894a3a0d') in 0.003722 seconds 
========================================================================
Received Import Request.
  Time since last request: 35.581729 seconds.
  path: Assets/Scripts/Scene/Model/SceneModel.cs
  artifactKey: Guid(99a3519407e9caf4981ec7305974102c) Importer(815301076,1909f56bfc062723c751e8b465ee728b)
Start importing Assets/Scripts/Scene/Model/SceneModel.cs using Guid(99a3519407e9caf4981ec7305974102c) Importer(815301076,1909f56bfc062723c751e8b465ee728b)  -> (artifact id: '56b3ab5f024435b421c17db954a5232a') in 0.004020 seconds 
